autoscan: warning: missing AC_CHECK_FUNCS([dup2]) wanted by: 
	src/getBg.cc:59
	src/getBg.cc:128
autoscan: warning: missing AC_CHECK_FUNCS([sqrt]) wanted by: 
	src/main.cc:356
autoscan: warning: missing AC_FUNC_FORK wanted by: 
	src/main.cc:417
	src/getBg.cc:51
	src/getBg.cc:123
autoscan: warning: missing AC_HEADER_STDBOOL wanted by: 
	src/main.cc:59
	src/main.cc:171
	src/main.cc:279
	src/main.cc:331
	src/main.h:58
	src/main.cc:171
	src/main.cc:189
	src/main.cc:273
	src/main.cc:331
	src/main.cc:375
	src/main.cc:441
	src/main.cc:182
	src/main.cc:370
	src/getBg.cc:77
	src/getBg.cc:146
autoscan: warning: missing AC_PROG_RANLIB wanted by: 
	ltmain.sh:6817
